2024-07-13T23:21:55.756Z [error]: This is an error log
2024-07-13T23:22:23.452Z [error]: This is an error log
2024-07-13T23:44:39.141Z [error]: Error al crear el ticket: Cannot read properties of null (reading '_id')
2024-07-13T23:48:09.140Z [error]: Error al crear el ticket: Cannot read properties of null (reading '_id')
2024-07-13T23:50:08.556Z [error]: Error al crear el ticket: Cannot read properties of null (reading '_id')
2024-07-13T23:51:50.340Z [error]: Error al crear el ticket: Cannot read properties of null (reading '_id')
2024-07-13T23:53:50.799Z [error]: This is an error log
2024-07-13T23:55:13.117Z [error]: Error al crear el ticket: Cannot read properties of null (reading '_id')
2024-07-14T00:01:04.142Z [error]: This is an error log
2024-07-14T00:01:17.465Z [error]: This is an error log
2024-07-14T00:02:35.534Z [error]: [1m[31mThis is an error log[39m[22m
2024-07-14T00:03:27.445Z [error]: [1m[31mThis is an error log[39m[22m
2024-07-14T00:03:28.664Z [error]: [1m[31mThis is an error log[39m[22m
2024-07-13 19:10:16 [31m[ERROR][39m: No se pudieron procesar los productos debido a falta de stock
2024-07-13 19:10:16 [31m[ERROR][39m: Error al crear el ticket: Out of stock
2024-07-13 19:41:19 [31m[ERROR][39m: No se pudieron procesar los productos debido a falta de stock
2024-07-13 19:41:19 [31m[ERROR][39m: Error al crear el ticket: Out of stock
2024-07-13 19:44:45 [31m[ERROR][39m: No se pudieron procesar los productos debido a falta de stock
2024-07-13 19:44:45 [31m[ERROR][39m: Error al crear el ticket: Out of stock
2024-07-13 19:45:04 [31m[ERROR][39m: No se pudieron procesar los productos debido a falta de stock
2024-07-13 19:45:04 [31m[ERROR][39m: Error al crear el ticket: Out of stock
2024-07-13 19:48:01 [31m[ERROR][39m: No se pudieron procesar los productos debido a falta de stock
2024-07-13 19:48:01 [31m[ERROR][39m: Error al crear el ticket: Out of stock
2024-07-13 20:24:54 [31m[ERROR][39m: No se pudieron procesar los productos debido a falta de stock
2024-07-13 20:24:54 [31m[ERROR][39m: Error al crear el ticket: Out of stock
2024-07-13 20:31:06 [32m[INFO][39m: Server running on port 3000
2024-07-13 20:32:09 [31m[ERROR][39m: No se pudieron procesar los productos debido a falta de stock
2024-07-13 20:32:09 [31m[ERROR][39m: Error al crear el ticket: Out of stock
2024-07-13 20:42:12 [31m[ERROR][39m: CartRepository.addProductToCart =>  Cart validation failed: products.1.id: Cast to ObjectId failed for value "668741a36d04f4d526dd5e12b" (type string) at path "id" because of "BSONError"
2024-07-13 20:42:12 [31m[ERROR][39m: addProductInCartService =>  Cart validation failed: products.1.id: Cast to ObjectId failed for value "668741a36d04f4d526dd5e12b" (type string) at path "id" because of "BSONError"
2024-07-13 20:42:12 [31m[ERROR][39m: addProductInCart =>  Cart validation failed: products.1.id: Cast to ObjectId failed for value "668741a36d04f4d526dd5e12b" (type string) at path "id" because of "BSONError"
2024-07-13 20:42:49 [31m[ERROR][39m: Error al crear el ticket: Cannot read properties of null (reading '_id')
2024-07-13 20:44:49 [31m[ERROR][39m: No se pudieron procesar los productos debido a falta de stock
2024-07-13 20:44:49 [31m[ERROR][39m: Error al crear el ticket: Out of stock
2024-07-13 20:45:33 [32m[INFO][39m: Server running on port 3000
2024-07-13 20:46:35 [31m[ERROR][39m: CartRepository.addProductToCart =>  Cart validation failed: products.1.id: Cast to ObjectId failed for value "668741a36d0344d526dd5e12b" (type string) at path "id" because of "BSONError"
2024-07-13 20:46:35 [31m[ERROR][39m: addProductInCartService =>  Cart validation failed: products.1.id: Cast to ObjectId failed for value "668741a36d0344d526dd5e12b" (type string) at path "id" because of "BSONError"
2024-07-13 20:46:35 [31m[ERROR][39m: addProductInCart =>  Cart validation failed: products.1.id: Cast to ObjectId failed for value "668741a36d0344d526dd5e12b" (type string) at path "id" because of "BSONError"
2024-07-13 20:59:29 [31m[ERROR][39m: No se pudieron procesar los productos debido a falta de stock
2024-07-13 20:59:29 [31m[ERROR][39m: Error al crear el ticket: Out of stock
2024-07-13 20:59:49 [31m[ERROR][39m: El carrito con id 6680a604dd9c0d4ffe9c3c32 no existe
2024-07-13 20:59:49 [31m[ERROR][39m: Error al crear el ticket: Cart not found
2024-07-13 21:06:54 [31m[ERROR][39m: [1m[31mThis is an error log[39m[22m
2024-07-13 21:09:42 [31m[ERROR][39m: [31mThis is an error log[39m
2024-07-13 21:09:47 [31m[ERROR][39m: [31mThis is an error log[39m
2024-07-13 21:09:58 [31m[ERROR][39m: [31mThis is an error log[39m
2024-07-13 21:09:58 [31m[ERROR][39m: [31mThis is an error log[39m
2024-07-13 21:10:03 [31m[ERROR][39m: [31mThis is an error log[39m
